#
# A fatal error has been detected by the Java Runtime Environment:
#
#  EXCEPTION_ACCESS_VIOLATION (0xc0000005) at pc=0x000000007322c750, pid=17148, tid=16808
#
# JRE version: 6.0_17-b04
# Java VM: Java HotSpot(TM) 64-Bit Server VM (14.3-b01 mixed mode windows-amd64 )
# Problematic frame:
# C  [awt.dll+0xdc750]
#
# If you would like to submit a bug report, please visit:
#   http://java.sun.com/webapps/bugreport/crash.jsp
# The crash happened outside the Java Virtual Machine in native code.
# See problematic frame for where to report the bug.
#

---------------  T H R E A D  ---------------

Current thread (0x0000000035ef6800):  JavaThread "AWT-EventQueue-0" [_thread_in_native, id=16808, stack(0x000000000bd80000,0x000000000be00000)]

siginfo: ExceptionCode=0xc0000005, reading address 0x0000000000000008

Registers:
EAX=0x000000000000000d, EBX=0x0000000035ef69b8, ECX=0x0000000000000000, EDX=0xffffffffaa011fb4
ESP=0x000000000bdfdfa8, EBP=0x0000000036a0a980, ESI=0x0000000035ef69b8, EDI=0x0000000036d7ebb0
EIP=0x000000007322c750, EFLAGS=0x0000000000010206

Top of Stack: (sp=0x000000000bdfdfa8)
0x000000000bdfdfa8:   00000000731d589c 0000000000000000
0x000000000bdfdfb8:   0000000035ef69b8 0000000036a0a980
0x000000000bdfdfc8:   0000000035ef69b8 000000000bdfe000
0x000000000bdfdfd8:   0000000035ef69b8 000000001676d828
0x000000000bdfdfe8:   00000000731b3810 0000000035ef69b8
0x000000000bdfdff8:   000000000bdfe6c8 000000000bdfe740
0x000000000bdfe008:   0000000036a0a980 000000001ed31c30
0x000000000bdfe018:   00000000731d2151 0000000027858200
0x000000000bdfe028:   000000000bdfe738 0000000027681658
0x000000000bdfe038:   000000000bdfe740 000000001eaeee18
0x000000000bdfe048:   0000000013844e44 000000001ed8bd30
0x000000000bdfe058:   000000001383ac70 0000000027858200
0x000000000bdfe068:   00000000134ada34 000000001ed9a2d0
0x000000000bdfe078:   0000000027857530 0000000027858058
0x000000000bdfe088:   000000001e2cee68 0000000027858200
0x000000000bdfe098:   0000000027858058 0000000200000000 

Instructions: (pc=0x000000007322c750)
0x000000007322c740:   48 8b 41 08 48 8b 80 18 0c 00 00 c3 cc cc cc cc
0x000000007322c750:   48 8b 49 08 48 85 c9 74 05 e9 72 f6 fd ff 33 c0 


Stack: [0x000000000bd80000,0x000000000be00000],  sp=0x000000000bdfdfa8,  free space=503k
Native frames: (J=compiled Java code, j=interpreted, Vv=VM code, C=native code)
C  [awt.dll+0xdc750]

Java frames: (J=compiled Java code, j=interpreted, Vv=VM code)
j  sun.java2d.windows.GDIBlitLoops.nativeBlit(Lsun/java2d/SurfaceData;Lsun/java2d/SurfaceData;Lsun/java2d/pipe/Region;IIIIIIIIIZ)V+0
j  sun.java2d.windows.GDIBlitLoops.Blit(Lsun/java2d/SurfaceData;Lsun/java2d/SurfaceData;Ljava/awt/Composite;Lsun/java2d/pipe/Region;IIIIII)V+33
J  sun.java2d.pipe.DrawImage.blitSurfaceData(Lsun/java2d/SunGraphics2D;Lsun/java2d/pipe/Region;Lsun/java2d/SurfaceData;Lsun/java2d/SurfaceData;Lsun/java2d/loops/SurfaceType;Lsun/java2d/loops/SurfaceType;IIIIIILjava/awt/Color;)V
J  sun.java2d.pipe.DrawImage.renderImageCopy(Lsun/java2d/SunGraphics2D;Ljava/awt/Image;Ljava/awt/Color;IIIIII)Z
j  sun.java2d.pipe.DrawImage.copyImage(Lsun/java2d/SunGraphics2D;Ljava/awt/Image;IILjava/awt/Color;)Z+45
j  sun.java2d.pipe.DrawImage.copyImage(Lsun/java2d/SunGraphics2D;Ljava/awt/Image;IILjava/awt/Color;Ljava/awt/image/ImageObserver;)Z+15
J  javax.swing.RepaintManager$PaintManager.paintDoubleBuffered(Ljavax/swing/JComponent;Ljava/awt/Image;Ljava/awt/Graphics;IIII)V
j  javax.swing.RepaintManager$PaintManager.paint(Ljavax/swing/JComponent;Ljavax/swing/JComponent;Ljava/awt/Graphics;IIII)Z+116
j  javax.swing.BufferStrategyPaintManager.paint(Ljavax/swing/JComponent;Ljavax/swing/JComponent;Ljava/awt/Graphics;IIII)Z+224
j  javax.swing.RepaintManager.paint(Ljavax/swing/JComponent;Ljavax/swing/JComponent;Ljava/awt/Graphics;IIII)V+52
J  javax.swing.JComponent.paint(Ljava/awt/Graphics;)V
j  java.awt.GraphicsCallback$PaintCallback.run(Ljava/awt/Component;Ljava/awt/Graphics;)V+2
j  sun.awt.SunGraphicsCallback.runOneComponent(Ljava/awt/Component;Ljava/awt/Rectangle;Ljava/awt/Graphics;Ljava/awt/Shape;I)V+155
j  sun.awt.SunGraphicsCallback.runComponents([Ljava/awt/Component;Ljava/awt/Graphics;I)V+104
j  java.awt.Container.paint(Ljava/awt/Graphics;)V+73
J  javax.swing.RepaintManager.paintDirtyRegions(Ljava/util/Map;)V
j  javax.swing.RepaintManager.paintDirtyRegions()V+46
j  javax.swing.RepaintManager.seqPaintDirtyRegions()V+73
j  javax.swing.SystemEventQueueUtilities$ComponentWorkRequest.run()V+36
J  java.awt.EventDispatchThread.pumpOneEventForFilters(I)Z
J  java.awt.EventDispatchThread.pumpEventsForFilter(ILjava/awt/Conditional;Ljava/awt/EventFilter;)V
j  java.awt.EventDispatchThread.pumpEventsForHierarchy(ILjava/awt/Conditional;Ljava/awt/Component;)V+11
j  java.awt.EventDispatchThread.pumpEvents(ILjava/awt/Conditional;)V+4
j  java.awt.EventDispatchThread.pumpEvents(Ljava/awt/Conditional;)V+3
j  java.awt.EventDispatchThread.run()V+9
v  ~StubRoutines::call_stub

---------------  P R O C E S S  ---------------

Java Threads: ( => current thread )
  0x0000000036345000 JavaThread "Timer queue for AWT thread" daemon [_thread_blocked, id=17256, stack(0x000000000fac0000,0x000000000fb40000)]
  0x0000000036342000 JavaThread "Timer-5" [_thread_blocked, id=15208, stack(0x0000000039980000,0x0000000039a00000)]
  0x0000000036344800 JavaThread "pool-2-thread-1" [_thread_blocked, id=16088, stack(0x0000000008da0000,0x0000000008e20000)]
  0x000000003633b800 JavaThread "Code Analyzer updating thread" [_thread_blocked, id=15516, stack(0x0000000008c70000,0x0000000008cf0000)]
  0x0000000036341800 JavaThread "Code Analyzer updating thread" [_thread_blocked, id=15908, stack(0x0000000008ac0000,0x0000000008b40000)]
  0x0000000036341000 JavaThread "Code Analyzer updating thread" [_thread_blocked, id=16896, stack(0x000000000ff40000,0x000000000ffc0000)]
  0x0000000036339800 JavaThread "Prefs Updater" daemon [_thread_blocked, id=17076, stack(0x0000000007df0000,0x0000000007e70000)]
  0x000000003633e800 JavaThread "Foxtrot Single Worker Thread #1" daemon [_thread_blocked, id=12660, stack(0x000000000bc50000,0x000000000bcd0000)]
  0x0000000036340000 JavaThread "Timer-3" [_thread_blocked, id=15652, stack(0x0000000008170000,0x00000000081f0000)]
  0x000000003633b000 JavaThread "Code Analyzer updating thread" [_thread_blocked, id=4148, stack(0x0000000032ae0000,0x0000000032b60000)]
  0x000000003633e000 JavaThread "Active Reference Queue Daemon" daemon [_thread_blocked, id=864, stack(0x000000003e850000,0x000000003e8d0000)]
  0x000000003633d000 JavaThread "Timer-2" daemon [_thread_blocked, id=15588, stack(0x000000003e740000,0x000000003e7c0000)]
  0x000000003633c800 JavaThread "Timer-1" daemon [_thread_blocked, id=3480, stack(0x000000003aa80000,0x000000003ab00000)]
  0x0000000036339000 JavaThread "FelixPackageAdmin" daemon [_thread_blocked, id=15572, stack(0x000000003ab50000,0x000000003abd0000)]
  0x0000000036274000 JavaThread "FelixStartLevel" daemon [_thread_blocked, id=15972, stack(0x000000002d190000,0x000000002d210000)]
  0x0000000035f4d000 JavaThread "FelixDispatchQueue" daemon [_thread_blocked, id=15788, stack(0x0000000031490000,0x0000000031510000)]
  0x0000000035eba000 JavaThread "TimerQueue" daemon [_thread_blocked, id=5896, stack(0x0000000006150000,0x00000000061d0000)]
=>0x0000000035ef6800 JavaThread "AWT-EventQueue-0" [_thread_in_native, id=16808, stack(0x000000000bd80000,0x000000000be00000)]
  0x0000000035b89800 JavaThread "AWT-Shutdown" [_thread_blocked, id=15048, stack(0x0000000032a30000,0x0000000032ab0000)]
  0x0000000035c5b800 JavaThread "com.google.common.base.internal.Finalizer" daemon [_thread_blocked, id=16404, stack(0x000000002baf0000,0x000000002bb70000)]
  0x0000000035f35800 JavaThread "AWT-Windows" daemon [_thread_in_native, id=8652, stack(0x000000000d400000,0x000000000d480000)]
  0x0000000035ebe800 JavaThread "Java2D Disposer" daemon [_thread_blocked, id=16620, stack(0x000000000feb0000,0x000000000ff30000)]
  0x00000000358a6000 JavaThread "Timer-0" [_thread_blocked, id=16552, stack(0x000000000d350000,0x000000000d3d0000)]
  0x0000000035835800 JavaThread "JMI Unnamed Thread" [_thread_in_native, id=17400, stack(0x0000000009190000,0x000000000a690000)]
  0x000000002fe57000 JavaThread "Low Memory Detector" daemon [_thread_blocked, id=16276, stack(0x000000000bce0000,0x000000000bd60000)]
  0x000000002fe55800 JavaThread "CompilerThread1" daemon [_thread_blocked, id=7312, stack(0x0000000032b60000,0x0000000034060000)]
  0x000000002fe00000 JavaThread "CompilerThread0" daemon [_thread_blocked, id=16508, stack(0x0000000031510000,0x0000000032a10000)]
  0x000000002fdff000 JavaThread "Attach Listener" daemon [_thread_blocked, id=16500, stack(0x0000000009030000,0x00000000090b0000)]
  0x000000002fdeb800 JavaThread "Finalizer" daemon [_thread_blocked, id=17092, stack(0x00000000061d0000,0x0000000006250000)]
  0x000000000210b800 JavaThread "Reference Handler" daemon [_thread_blocked, id=17160, stack(0x0000000004ab0000,0x0000000004b30000)]
  0x0000000002052800 JavaThread "main" [_thread_in_native, id=17120, stack(0x00000000001e0000,0x00000000016e0000)]

Other Threads:
  0x000000002fde2800 VMThread [stack: 0x000000002ff40000,0x0000000031440000] [id=17332]
  0x000000002fe83000 WatcherThread [stack: 0x00000000341d0000,0x00000000356d0000] [id=16516]

VM state:not at safepoint (normal execution)

VM Mutex/Monitor currently owned by a thread: None

Heap
 PSYoungGen      total 27712K, used 11369K [0x0000000027480000, 0x0000000029bc0000, 0x000000002a580000)
  eden space 16256K, 25% used [0x0000000027480000,0x0000000027882420,0x0000000028460000)
  from space 11456K, 63% used [0x0000000029090000,0x00000000297a8000,0x0000000029bc0000)
  to   space 11968K, 0% used [0x0000000028460000,0x0000000028460000,0x0000000029010000)
 PSOldGen        total 113856K, used 100106K [0x000000001e180000, 0x00000000250b0000, 0x0000000027480000)
  object space 113856K, 87% used [0x000000001e180000,0x0000000024342ac0,0x00000000250b0000)
 PSPermGen       total 93760K, used 65399K [0x0000000016180000, 0x000000001bd10000, 0x000000001e180000)
  object space 93760K, 69% used [0x0000000016180000,0x000000001a15dd80,0x000000001bd10000)

Dynamic libraries:
0x000000013f450000 - 0x000000013f479000 	C:\Program Files\MATLAB\R2011a\bin\win64\MATLAB.exe
0x00000000775b0000 - 0x000000007775c000 	C:\Windows\SYSTEM32\ntdll.dll
0x0000000077390000 - 0x00000000774af000 	C:\Windows\system32\kernel32.dll
0x000007fefd5c0000 - 0x000007fefd62c000 	C:\Windows\system32\KERNELBASE.dll
0x0000000074460000 - 0x0000000074569000 	C:\Program Files\MATLAB\R2011a\bin\win64\libut.dll
0x00000000758a0000 - 0x0000000075920000 	C:\Program Files\MATLAB\R2011a\bin\win64\libmwi18n.dll
0x0000000180000000 - 0x000000018000b000 	C:\Program Files\MATLAB\R2011a\bin\win64\libmwresource_core.dll
0x000000006de00000 - 0x000000006ded3000 	C:\Windows\WinSxS\amd64_microsoft.vc90.crt_1fc8b3b9a1e18e3b_9.0.30729.6161_none_08e61857a83bc251\MSVCP90.dll
0x000000006cd40000 - 0x000000006cde3000 	C:\Windows\WinSxS\amd64_microsoft.vc90.crt_1fc8b3b9a1e18e3b_9.0.30729.6161_none_08e61857a83bc251\MSVCR90.dll
0x000000007a3b0000 - 0x000000007a3c0000 	C:\Program Files\MATLAB\R2011a\bin\win64\boost_date_time-vc90-mt-1_40.dll
0x000000007a170000 - 0x000000007a189000 	C:\Program Files\MATLAB\R2011a\bin\win64\boost_filesystem-vc90-mt-1_40.dll
0x000000007a560000 - 0x000000007a569000 	C:\Program Files\MATLAB\R2011a\bin\win64\boost_system-vc90-mt-1_40.dll
0x000000007a2d0000 - 0x000000007a2e2000 	C:\Program Files\MATLAB\R2011a\bin\win64\boost_thread-vc90-mt-1_40.dll
0x000000007a010000 - 0x000000007a035000 	C:\Program Files\MATLAB\R2011a\bin\win64\LIBEXPAT.dll
0x00000000739d0000 - 0x0000000073b8c000 	C:\Program Files\MATLAB\R2011a\bin\win64\icuin42.dll
0x00000000740b0000 - 0x0000000074223000 	C:\Program Files\MATLAB\R2011a\bin\win64\icuuc42.dll
0x000007fefe960000 - 0x000007fefea3b000 	C:\Windows\system32\ADVAPI32.dll
0x000007fefd9c0000 - 0x000007fefda5f000 	C:\Windows\system32\msvcrt.dll
0x000007fefe7f0000 - 0x000007fefe80f000 	C:\Windows\SYSTEM32\sechost.dll
0x000007feff710000 - 0x000007feff83e000 	C:\Windows\system32\RPCRT4.dll
0x0000000010000000 - 0x0000000010f47000 	C:\Program Files\MATLAB\R2011a\bin\win64\icudt42.dll
0x0000000073f70000 - 0x000000007407d000 	C:\Program Files\MATLAB\R2011a\bin\win64\libmwfl.dll
0x00000000016e0000 - 0x0000000001773000 	C:\Program Files\MATLAB\R2011a\bin\win64\libmwMATLAB_res.dll
0x000000007a250000 - 0x000000007a263000 	C:\Program Files\MATLAB\R2011a\bin\win64\boost_signals-vc90-mt-1_40.dll
0x0000000000190000 - 0x00000000001d6000 	C:\Program Files\MATLAB\R2011a\bin\win64\tbb.dll
0x000007feff890000 - 0x000007feff8a7000 	C:\Windows\system32\imagehlp.dll
0x0000000077780000 - 0x0000000077787000 	C:\Windows\system32\PSAPI.DLL
0x000000007a3d0000 - 0x000000007a3e3000 	C:\Program Files\MATLAB\R2011a\bin\win64\icuio42.dll
0x000007fef0070000 - 0x000007fef0195000 	C:\Windows\system32\dbghelp.dll
0x00000000774b0000 - 0x00000000775aa000 	C:\Windows\system32\USER32.dll
0x000007feff440000 - 0x000007feff4a7000 	C:\Windows\system32\GDI32.dll
0x000007feff8b0000 - 0x000007feff8be000 	C:\Windows\system32\LPK.dll
0x000007fefe840000 - 0x000007fefe90a000 	C:\Windows\system32\USP10.dll
0x000000007bed0000 - 0x000000007c0f5000 	C:\Program Files\MATLAB\R2011a\bin\win64\libmwservices.dll
0x0000000075a20000 - 0x0000000075ab2000 	C:\Program Files\MATLAB\R2011a\bin\win64\libmx.dll
0x000000007a210000 - 0x000000007a226000 	C:\Program Files\MATLAB\R2011a\bin\win64\zlib1.dll
0x0000000074330000 - 0x000000007444b000 	C:\Program Files\MATLAB\R2011a\bin\win64\libmwmathutil.dll
0x0000000074680000 - 0x00000000746d4000 	C:\Program Files\MATLAB\R2011a\bin\win64\mpath.dll
0x000000007b680000 - 0x000000007b982000 	C:\Program Files\MATLAB\R2011a\bin\win64\mlutil.dll
0x000000006ccb0000 - 0x000000006cd32000 	C:\Program Files\MATLAB\R2011a\bin\win64\xmlcore.dll
0x000000007bc30000 - 0x000000007be83000 	C:\Program Files\MATLAB\R2011a\bin\win64\xerces-c_2_7.dll
0x000007feff840000 - 0x000007feff88d000 	C:\Windows\system32\WS2_32.dll
0x000007feff320000 - 0x000007feff328000 	C:\Windows\system32\NSI.dll
0x000007fefda60000 - 0x000007fefe7e6000 	C:\Windows\system32\SHELL32.dll
0x000007feff4b0000 - 0x000007feff521000 	C:\Windows\system32\SHLWAPI.dll
0x000007fef3d90000 - 0x000007fef3e30000 	C:\Windows\WinSxS\amd64_microsoft.windows.common-controls_6595b64144ccf1df_5.82.7600.16661_none_a44e1fc257f685f6\COMCTL32.dll
0x000007feff280000 - 0x000007feff318000 	C:\Windows\system32\COMDLG32.dll
0x000007fefad20000 - 0x000007fefad36000 	C:\Windows\system32\NETAPI32.dll
0x000007fefad10000 - 0x000007fefad1c000 	C:\Windows\system32\netutils.dll
0x000007fefd160000 - 0x000007fefd183000 	C:\Windows\system32\srvcli.dll
0x000007fefacf0000 - 0x000007fefad05000 	C:\Windows\system32\wkscli.dll
0x000007fefef40000 - 0x000007feff142000 	C:\Windows\system32\ole32.dll
0x000007fefd8e0000 - 0x000007fefd9b7000 	C:\Windows\system32\OLEAUT32.dll
0x0000000074970000 - 0x0000000074a34000 	C:\Program Files\MATLAB\R2011a\bin\win64\mcr.dll
0x0000000075000000 - 0x00000000750e4000 	C:\Program Files\MATLAB\R2011a\bin\win64\iqm.dll
0x0000000064900000 - 0x000000006509c000 	C:\Program Files\MATLAB\R2011a\bin\win64\m_interpreter.dll
0x0000000074670000 - 0x000000007467f000 	C:\Program Files\MATLAB\R2011a\bin\win64\libmex.dll
0x000000006cc00000 - 0x000000006cca4000 	C:\Program Files\MATLAB\R2011a\bin\win64\m_dispatcher.dll
0x0000000074880000 - 0x0000000074945000 	C:\Program Files\MATLAB\R2011a\bin\win64\boost_regex-vc90-mt-1_40.dll
0x000000006e240000 - 0x000000006e2bf000 	C:\Program Files\MATLAB\R2011a\bin\win64\profiler.dll
0x0000000079f40000 - 0x0000000079f6c000 	C:\Program Files\MATLAB\R2011a\bin\win64\libmwmathrng.dll
0x0000000074650000 - 0x0000000074670000 	C:\Program Files\MATLAB\R2011a\bin\win64\m_pcodeio.dll
0x0000000079b10000 - 0x0000000079b71000 	C:\Program Files\MATLAB\R2011a\bin\win64\m_ir.dll
0x00000000636a0000 - 0x0000000063cdb000 	C:\Program Files\MATLAB\R2011a\bin\win64\m_parser.dll
0x00000000019c0000 - 0x00000000019d9000 	C:\Program Files\MATLAB\R2011a\bin\win64\ir_xfmr.dll
0x000000006c810000 - 0x000000006ca5b000 	C:\Program Files\MATLAB\R2011a\bin\win64\mcos.dll
0x0000000074640000 - 0x000000007464c000 	C:\Program Files\MATLAB\R2011a\bin\win64\mtok.dll
0x0000000073f10000 - 0x0000000073f3b000 	C:\Program Files\MATLAB\R2011a\bin\win64\m_pcodegen.dll
0x0000000076160000 - 0x00000000761c2000 	C:\Program Files\MATLAB\R2011a\bin\win64\libmwspmatrix.dll
0x0000000079fb0000 - 0x0000000079fde000 	C:\Program Files\MATLAB\R2011a\bin\win64\libmwbridge.dll
0x000000006cb40000 - 0x000000006cbf9000 	C:\Program Files\MATLAB\R2011a\bin\win64\udd.dll
0x000000006b800000 - 0x000000006b941000 	C:\Program Files\MATLAB\R2011a\bin\win64\libmwgui.dll
0x0000000073ef0000 - 0x0000000073f07000 	C:\Program Files\MATLAB\R2011a\bin\win64\graphics_util.dll
0x0000000061fa0000 - 0x0000000062820000 	C:\Program Files\MATLAB\R2011a\bin\win64\hg.dll
0x0000000076100000 - 0x000000007614f000 	C:\Program Files\MATLAB\R2011a\bin\win64\libmat.dll
0x0000000072d30000 - 0x0000000072f33000 	C:\Program Files\MATLAB\R2011a\bin\win64\libhdf5.dll
0x000000006d1b0000 - 0x000000006d22b000 	C:\Program Files\MATLAB\R2011a\bin\win64\jmi.dll
0x0000000001ab0000 - 0x0000000001abe000 	C:\Program Files\MATLAB\R2011a\bin\win64\nativejava_services.dll
0x00000000712c0000 - 0x00000000712fc000 	C:\Program Files\MATLAB\R2011a\bin\win64\libmwhardcopy.dll
0x000000006cae0000 - 0x000000006cb38000 	C:\Program Files\MATLAB\R2011a\bin\win64\libuij.dll
0x000000006a700000 - 0x000000006a8e3000 	C:\Program Files\MATLAB\R2011a\bin\win64\hgdatatypes.dll
0x000000006c610000 - 0x000000006c6cc000 	C:\Program Files\MATLAB\R2011a\bin\win64\hgutils.dll
0x000000006c0b0000 - 0x000000006c12c000 	C:\Program Files\MATLAB\R2011a\bin\win64\libmwlapack.dll
0x0000000073ed0000 - 0x0000000073ee2000 	C:\Program Files\MATLAB\R2011a\bin\win64\libmwbinder.dll
0x0000000001b30000 - 0x0000000001b3b000 	C:\Program Files\MATLAB\R2011a\bin\win64\libmwompwrapper.dll
0x0000000001b50000 - 0x0000000001e14000 	C:\Program Files\MATLAB\R2011a\bin\win64\uiw.dll
0x0000000001e30000 - 0x0000000001e3a000 	C:\Program Files\MATLAB\R2011a\bin\win64\uinone.dll
0x00000000631b0000 - 0x0000000063694000 	C:\Windows\WinSxS\amd64_microsoft.vc90.mfc_1fc8b3b9a1e18e3b_9.0.30729.6161_none_044aad0bab1eb146\mfc90.dll
0x000007fef70e0000 - 0x000007fef70e7000 	C:\Windows\system32\MSIMG32.dll
0x000007fef7a70000 - 0x000007fef7ae0000 	C:\Windows\system32\WINSPOOL.DRV
0x000000006c000000 - 0x000000006c0a9000 	C:\Program Files\MATLAB\R2011a\bin\win64\udd_mi.dll
0x0000000073e40000 - 0x0000000073e5b000 	C:\Program Files\MATLAB\R2011a\bin\win64\mwoles05.DLL
0x000000006b790000 - 0x000000006b7fe000 	C:\Program Files\MATLAB\R2011a\bin\win64\comcli.dll
0x0000000073db0000 - 0x0000000073ddf000 	C:\Windows\WinSxS\amd64_microsoft.vc90.atl_1fc8b3b9a1e18e3b_9.0.30729.6161_none_0a1fd3a3a768b895\ATL90.DLL
0x00000000717f0000 - 0x00000000717fc000 	C:\Program Files\MATLAB\R2011a\bin\win64\mlautoregister.dll
0x0000000001e90000 - 0x0000000001e9d000 	C:\Program Files\MATLAB\R2011a\bin\win64\boost_iostreams-vc90-mt-1_40.dll
0x000007fefe810000 - 0x000007fefe83e000 	C:\Windows\system32\IMM32.DLL
0x000007feff330000 - 0x000007feff439000 	C:\Windows\system32\MSCTF.dll
0x000007fefb830000 - 0x000007fefb886000 	C:\Windows\system32\UxTheme.dll
0x000007fefb3d0000 - 0x000007fefb3e8000 	C:\Windows\system32\dwmapi.dll
0x00000000717e0000 - 0x00000000717ed000 	C:\Windows\WinSxS\amd64_microsoft.vc90.mfcloc_1fc8b3b9a1e18e3b_9.0.30729.6161_none_01c9581e60cbee58\MFC90ENU.DLL
0x000007fefd510000 - 0x000007fefd51f000 	C:\Windows\system32\profapi.dll
0x000007fefd440000 - 0x000007fefd44f000 	C:\Windows\system32\CRYPTBASE.dll
0x000007fefb8e0000 - 0x000007fefbad4000 	C:\Windows\WinSxS\amd64_microsoft.windows.common-controls_6595b64144ccf1df_6.0.7600.16661_none_fa62ad231704eab7\comctl32.dll
0x000007feff530000 - 0x000007feff707000 	C:\Windows\system32\SETUPAPI.dll
0x000007fefd840000 - 0x000007fefd876000 	C:\Windows\system32\CFGMGR32.dll
0x000007fefd880000 - 0x000007fefd89a000 	C:\Windows\system32\DEVOBJ.dll
0x000007fefed20000 - 0x000007fefedb9000 	C:\Windows\system32\CLBCatQ.DLL
0x000007fefc250000 - 0x000007fefc37c000 	C:\Windows\system32\propsys.dll
0x000007fefc220000 - 0x000007fefc24d000 	C:\Windows\system32\ntmarta.dll
0x000007fefe910000 - 0x000007fefe960000 	C:\Windows\system32\WLDAP32.dll
0x0000000003e40000 - 0x0000000003e69000 	C:\Program Files\MATLAB\R2011a\bin\win64\tbbmalloc.dll
0x000007fefb250000 - 0x000007fefb277000 	C:\Windows\system32\iphlpapi.dll
0x000007fefb230000 - 0x000007fefb23b000 	C:\Windows\system32\WINNSI.DLL
0x000007fefcc00000 - 0x000007fefcc5b000 	C:\Windows\system32\DNSAPI.dll
0x000007fefb040000 - 0x000007fefb051000 	C:\Windows\system32\dhcpcsvc6.DLL
0x000007fefb020000 - 0x000007fefb038000 	C:\Windows\system32\dhcpcsvc.DLL
0x0000000071740000 - 0x0000000071743000 	C:\Windows\system32\icmp.Dll
0x0000000078870000 - 0x0000000078ecd000 	C:\Program Files\MATLAB\R2011a\sys\java\jre\win64\jre\bin\server\jvm.dll
0x000007fefb4d0000 - 0x000007fefb50b000 	C:\Windows\system32\WINMM.dll
0x000000007a440000 - 0x000000007a44e000 	C:\Program Files\MATLAB\R2011a\sys\java\jre\win64\jre\bin\verify.dll
0x000000007a070000 - 0x000000007a097000 	C:\Program Files\MATLAB\R2011a\sys\java\jre\win64\jre\bin\java.dll
0x000000007a540000 - 0x000000007a54a000 	C:\Program Files\MATLAB\R2011a\sys\java\jre\win64\jre\bin\hpi.dll
0x000000007a370000 - 0x000000007a382000 	C:\Program Files\MATLAB\R2011a\sys\java\jre\win64\jre\bin\zip.dll
0x0000000075b90000 - 0x0000000075bfb000 	C:\Program Files\MATLAB\R2011a\sys\java\jre\win64\jre\bin\fontmanager.dll
0x0000000073150000 - 0x0000000073311000 	C:\Program Files\MATLAB\R2011a\sys\java\jre\win64\jre\bin\awt.dll
0x0000000079cf0000 - 0x0000000079d36000 	C:\Program Files\MATLAB\R2011a\bin\win64\nativejmi.dll
0x000000007a600000 - 0x000000007a608000 	C:\Program Files\MATLAB\R2011a\bin\win64\nativeservices.dll

VM Arguments:
jvm_args: -Xss512k -XX:PermSize=32m -Xms64m -XX:NewRatio=3 -XX:MaxPermSize=128m -Xmx196m -XX:MaxDirectMemorySize=2147400000 -Dsun.java2d.noddraw=true -Dsun.awt.nopixfmt=true -Xshare:off -Xrs -Dsun.awt.disableMixing=true -Djava.library.path=C:\Program Files\MATLAB\R2011a\bin\win64 vfprintf abort 
java_command: <unknown>
Launcher Type: generic

Environment Variables:
CLASSPATH=.;C:\Program Files (x86)\QuickTime\QTSystem\QTJava.zip
PATH=C:\MATLAB701\bin\win32;C:\Program Files (x86)\MiKTeX 2.9\miktex\bin;C:\Windows\system32;C:\Windows;C:\Windows\system32\wbem;C:\Windows\system32\windowspowershell\v1.0\;c:\program files (x86)\common files\lenovo;c:\program files (x86)\common files\ulead systems\mpeg;c:\program files (x86)\lenovo\access connections\;C:\Program Files\MATLAB\R2011a\runtime\win64;C:\Program Files\MATLAB\R2011a\bin;C:\Program Files\MATLAB\R2009b\runtime\win64;C:\Program Files\MATLAB\R2009b\bin;c:\matlab701\bin\win32;C:\Program Files (x86)\IVI Foundation\IVI\bin;C:\Program Files\IVI Foundation\IVI\bin;C:\Program Files\IVI Foundation\VISA\Win64\Bin\;C:\Program Files (x86)\IVI Foundation\VISA\WinNT\Bin\;C:\PROGRA~2\IVIFOU~1\VISA\WinNT\Bin;C:\Program Files (x86)\IVI Foundation\VISA\WinNT\Bin;C:\Program Files (x86)\QuickTime\QTSystem\
USERNAME=Tze-Yuan Cheng
OS=Windows_NT
PROCESSOR_IDENTIFIER=Intel64 Family 6 Model 37 Stepping 5, GenuineIntel



---------------  S Y S T E M  ---------------

OS: Windows 7 Build 7600 

CPU:total 4 (8 cores per cpu, 2 threads per core) family 6 model 37 stepping 5, cmov, cx8, fxsr, mmx, sse, sse2, sse3, ssse3, sse4.1, sse4.2, ht

Memory: 4k page, physical 3985072k(1745404k free), swap 7968244k(3899164k free)

vm_info: Java HotSpot(TM) 64-Bit Server VM (14.3-b01) for windows-amd64 JRE (1.6.0_17-b04), built on Oct 11 2009 00:46:08 by "java_re" with MS VC++ 8.0

time: Sat Oct 01 19:45:11 2011
elapsed time: 117752 seconds

